Analysis & Synthesis report for top
Sun Dec  3 22:01:53 2023
Quartus Prime Version 22.1std.2 Build 922 07/20/2023 SC Lite Edition


---------------------
; Table of Contents ;
---------------------
  1. Legal Notice
  2. Analysis & Synthesis Summary
  3. Analysis & Synthesis Settings
  4. Parallel Compilation
  5. Analysis & Synthesis Source Files Read
  6. Analysis & Synthesis Resource Usage Summary
  7. Analysis & Synthesis Resource Utilization by Entity
  8. Logic Cells Representing Combinational Loops
  9. Registers Removed During Synthesis
 10. Removed Registers Triggering Further Register Optimizations
 11. General Register Statistics
 12. Multiplexer Restructuring Statistics (Restructuring Performed)
 13. Parameter Settings for User Entity Instance: arm:arm|datapath:dp|mux2:pcmux
 14. Parameter Settings for User Entity Instance: arm:arm|datapath:dp|flopr:pcreg
 15. Parameter Settings for User Entity Instance: arm:arm|datapath:dp|adder:pcadd1
 16. Parameter Settings for User Entity Instance: arm:arm|datapath:dp|mux2:ra1mux
 17. Parameter Settings for User Entity Instance: arm:arm|datapath:dp|mux2:ra2mux
 18. Parameter Settings for User Entity Instance: arm:arm|datapath:dp|mux2:r14mux
 19. Parameter Settings for User Entity Instance: arm:arm|datapath:dp|mux2:blmux
 20. Parameter Settings for User Entity Instance: arm:arm|datapath:dp|mux2:resmux
 21. Parameter Settings for User Entity Instance: arm:arm|datapath:dp|shifter:shifter
 22. Parameter Settings for User Entity Instance: arm:arm|datapath:dp|mux2:srcbmux
 23. Parameter Settings for User Entity Instance: arm:arm|datapath:dp|alu:alu
 24. Parameter Settings for User Entity Instance: arm:arm|datapath:dp|hazardsmux:RD1Mux
 25. Parameter Settings for User Entity Instance: arm:arm|datapath:dp|hazardsmux:RD2Mux
 26. Parameter Settings for User Entity Instance: arm:arm|datapath:dp|mux2:pcmuxremix
 27. Port Connectivity Checks: "arm:arm|datapath:dp|regfileD:RFDecode"
 28. Port Connectivity Checks: "arm:arm|datapath:dp|mux2:r14mux"
 29. Port Connectivity Checks: "arm:arm|datapath:dp|mux2:ra1mux"
 30. Port Connectivity Checks: "arm:arm|datapath:dp|adder:pcadd1"
 31. Port Connectivity Checks: "arm:arm|datapath:dp"
 32. Post-Synthesis Netlist Statistics for Top Partition
 33. Elapsed Time Per Partition
 34. Analysis & Synthesis Messages
 35. Analysis & Synthesis Suppressed Messages



----------------
; Legal Notice ;
----------------
Copyright (C) 2023  Intel Corporation. All rights reserved.
Your use of Intel Corporation's design tools, logic functions 
and other software and tools, and any partner logic 
functions, and any output files from any of the foregoing 
(including device programming or simulation files), and any 
associated documentation or information are expressly subject 
to the terms and conditions of the Intel Program License 
Subscription Agreement, the Intel Quartus Prime License Agreement,
the Intel FPGA IP License Agreement, or other applicable license
agreement, including, without limitation, that your use is for
the sole purpose of programming logic devices manufactured by
Intel and sold by Intel or its authorized distributors.  Please
refer to the applicable agreement for further details, at
https://fpgasoftware.intel.com/eula.



+-------------------------------------------------------------------------------------+
; Analysis & Synthesis Summary                                                        ;
+------------------------------------+------------------------------------------------+
; Analysis & Synthesis Status        ; Successful - Sun Dec  3 22:01:53 2023          ;
; Quartus Prime Version              ; 22.1std.2 Build 922 07/20/2023 SC Lite Edition ;
; Revision Name                      ; top                                            ;
; Top-level Entity Name              ; top                                            ;
; Family                             ; MAX 10                                         ;
; Total logic elements               ; 5,537                                          ;
;     Total combinational functions  ; 3,089                                          ;
;     Dedicated logic registers      ; 2,975                                          ;
; Total registers                    ; 2975                                           ;
; Total pins                         ; 87                                             ;
; Total virtual pins                 ; 0                                              ;
; Total memory bits                  ; 0                                              ;
; Embedded Multiplier 9-bit elements ; 0                                              ;
; Total PLLs                         ; 0                                              ;
; UFM blocks                         ; 0                                              ;
; ADC blocks                         ; 0                                              ;
+------------------------------------+------------------------------------------------+


+------------------------------------------------------------------------------------------------------------+
; Analysis & Synthesis Settings                                                                              ;
+------------------------------------------------------------------+--------------------+--------------------+
; Option                                                           ; Setting            ; Default Value      ;
+------------------------------------------------------------------+--------------------+--------------------+
; Device                                                           ; 10M50DAF484C6GES   ;                    ;
; Top-level entity name                                            ; top                ; top                ;
; Family name                                                      ; MAX 10             ; Cyclone V          ;
; Use smart compilation                                            ; Off                ; Off                ;
; Enable parallel Assembler and Timing Analyzer during compilation ; On                 ; On                 ;
; Enable compact report table                                      ; Off                ; Off                ;
; Restructure Multiplexers                                         ; Auto               ; Auto               ;
; Create Debugging Nodes for IP Cores                              ; Off                ; Off                ;
; Preserve fewer node names                                        ; On                 ; On                 ;
; Intel FPGA IP Evaluation Mode                                    ; Enable             ; Enable             ;
; Verilog Version                                                  ; Verilog_2001       ; Verilog_2001       ;
; VHDL Version                                                     ; VHDL_1993          ; VHDL_1993          ;
; State Machine Processing                                         ; Auto               ; Auto               ;
; Safe State Machine                                               ; Off                ; Off                ;
; Extract Verilog State Machines                                   ; On                 ; On                 ;
; Extract VHDL State Machines                                      ; On                 ; On                 ;
; Ignore Verilog initial constructs                                ; Off                ; Off                ;
; Iteration limit for constant Verilog loops                       ; 5000               ; 5000               ;
; Iteration limit for non-constant Verilog loops                   ; 250                ; 250                ;
; Add Pass-Through Logic to Inferred RAMs                          ; On                 ; On                 ;
; Infer RAMs from Raw Logic                                        ; On                 ; On                 ;
; Parallel Synthesis                                               ; On                 ; On                 ;
; DSP Block Balancing                                              ; Auto               ; Auto               ;
; NOT Gate Push-Back                                               ; On                 ; On                 ;
; Power-Up Don't Care                                              ; On                 ; On                 ;
; Remove Redundant Logic Cells                                     ; Off                ; Off                ;
; Remove Duplicate Registers                                       ; On                 ; On                 ;
; Ignore CARRY Buffers                                             ; Off                ; Off                ;
; Ignore CASCADE Buffers                                           ; Off                ; Off                ;
; Ignore GLOBAL Buffers                                            ; Off                ; Off                ;
; Ignore ROW GLOBAL Buffers                                        ; Off                ; Off                ;
; Ignore LCELL Buffers                                             ; Off                ; Off                ;
; Ignore SOFT Buffers                                              ; On                 ; On                 ;
; Limit AHDL Integers to 32 Bits                                   ; Off                ; Off                ;
; Optimization Technique                                           ; Balanced           ; Balanced           ;
; Carry Chain Length                                               ; 70                 ; 70                 ;
; Auto Carry Chains                                                ; On                 ; On                 ;
; Auto Open-Drain Pins                                             ; On                 ; On                 ;
; Perform WYSIWYG Primitive Resynthesis                            ; Off                ; Off                ;
; Auto ROM Replacement                                             ; On                 ; On                 ;
; Auto RAM Replacement                                             ; On                 ; On                 ;
; Auto DSP Block Replacement                                       ; On                 ; On                 ;
; Auto Shift Register Replacement                                  ; Auto               ; Auto               ;
; Allow Shift Register Merging across Hierarchies                  ; Auto               ; Auto               ;
; Auto Clock Enable Replacement                                    ; On                 ; On                 ;
; Strict RAM Replacement                                           ; Off                ; Off                ;
; Allow Synchronous Control Signals                                ; On                 ; On                 ;
; Force Use of Synchronous Clear Signals                           ; Off                ; Off                ;
; Auto RAM Block Balancing                                         ; On                 ; On                 ;
; Auto RAM to Logic Cell Conversion                                ; Off                ; Off                ;
; Auto Resource Sharing                                            ; Off                ; Off                ;
; Allow Any RAM Size For Recognition                               ; Off                ; Off                ;
; Allow Any ROM Size For Recognition                               ; Off                ; Off                ;
; Allow Any Shift Register Size For Recognition                    ; Off                ; Off                ;
; Use LogicLock Constraints during Resource Balancing              ; On                 ; On                 ;
; Ignore translate_off and synthesis_off directives                ; Off                ; Off                ;
; Timing-Driven Synthesis                                          ; On                 ; On                 ;
; Report Parameter Settings                                        ; On                 ; On                 ;
; Report Source Assignments                                        ; On                 ; On                 ;
; Report Connectivity Checks                                       ; On                 ; On                 ;
; Ignore Maximum Fan-Out Assignments                               ; Off                ; Off                ;
; Synchronization Register Chain Length                            ; 2                  ; 2                  ;
; Power Optimization During Synthesis                              ; Normal compilation ; Normal compilation ;
; HDL message level                                                ; Level2             ; Level2             ;
; Suppress Register Optimization Related Messages                  ; Off                ; Off                ;
; Number of Removed Registers Reported in Synthesis Report         ; 5000               ; 5000               ;
; Number of Swept Nodes Reported in Synthesis Report               ; 5000               ; 5000               ;
; Number of Inverted Registers Reported in Synthesis Report        ; 100                ; 100                ;
; Clock MUX Protection                                             ; On                 ; On                 ;
; Auto Gated Clock Conversion                                      ; Off                ; Off                ;
; Block Design Naming                                              ; Auto               ; Auto               ;
; SDC constraint protection                                        ; Off                ; Off                ;
; Synthesis Effort                                                 ; Auto               ; Auto               ;
; Shift Register Replacement - Allow Asynchronous Clear Signal     ; On                 ; On                 ;
; Pre-Mapping Resynthesis Optimization                             ; Off                ; Off                ;
; Analysis & Synthesis Message Level                               ; Medium             ; Medium             ;
; Disable Register Merging Across Hierarchies                      ; Auto               ; Auto               ;
; Resource Aware Inference For Block RAM                           ; On                 ; On                 ;
+------------------------------------------------------------------+--------------------+--------------------+


+------------------------------------------+
; Parallel Compilation                     ;
+----------------------------+-------------+
; Processors                 ; Number      ;
+----------------------------+-------------+
; Number detected on machine ; 8           ;
; Maximum allowed            ; 4           ;
;                            ;             ;
; Average used               ; 1.00        ;
; Maximum used               ; 4           ;
;                            ;             ;
; Usage by Processor         ; % Time Used ;
;     Processor 1            ; 100.0%      ;
;     Processor 2            ;   0.1%      ;
;     Processor 3            ;   0.1%      ;
;     Processor 4            ;   0.1%      ;
+----------------------------+-------------+


+-----------------------------------------------------------------------------------------------------------------------------------------------------------------------------------------------------+
; Analysis & Synthesis Source Files Read                                                                                                                                                              ;
+----------------------------------+-----------------+------------------------------+-------------------------------------------------------------------------------------------------------+---------+
; File Name with User-Entered Path ; Used in Netlist ; File Type                    ; File Name with Absolute Path                                                                          ; Library ;
+----------------------------------+-----------------+------------------------------+-------------------------------------------------------------------------------------------------------+---------+
; top.sv                           ; yes             ; User SystemVerilog HDL File  ; C:/Users/oscar/Documents/ED/Practica_VII/ARM-Simple_Pipelined - With Hazard/top.sv                    ;         ;
; imem.sv                          ; yes             ; User SystemVerilog HDL File  ; C:/Users/oscar/Documents/ED/Practica_VII/ARM-Simple_Pipelined - With Hazard/imem.sv                   ;         ;
; dmem.sv                          ; yes             ; User SystemVerilog HDL File  ; C:/Users/oscar/Documents/ED/Practica_VII/ARM-Simple_Pipelined - With Hazard/dmem.sv                   ;         ;
; arm.sv                           ; yes             ; User SystemVerilog HDL File  ; C:/Users/oscar/Documents/ED/Practica_VII/ARM-Simple_Pipelined - With Hazard/arm.sv                    ;         ;
; controller.sv                    ; yes             ; User SystemVerilog HDL File  ; C:/Users/oscar/Documents/ED/Practica_VII/ARM-Simple_Pipelined - With Hazard/controller.sv             ;         ;
; decoder.sv                       ; yes             ; User SystemVerilog HDL File  ; C:/Users/oscar/Documents/ED/Practica_VII/ARM-Simple_Pipelined - With Hazard/decoder.sv                ;         ;
; condlogic.sv                     ; yes             ; User SystemVerilog HDL File  ; C:/Users/oscar/Documents/ED/Practica_VII/ARM-Simple_Pipelined - With Hazard/condlogic.sv              ;         ;
; regfile.sv                       ; yes             ; User SystemVerilog HDL File  ; C:/Users/oscar/Documents/ED/Practica_VII/ARM-Simple_Pipelined - With Hazard/regfile.sv                ;         ;
; alu.sv                           ; yes             ; User SystemVerilog HDL File  ; C:/Users/oscar/Documents/ED/Practica_VII/ARM-Simple_Pipelined - With Hazard/alu.sv                    ;         ;
; extend.sv                        ; yes             ; User SystemVerilog HDL File  ; C:/Users/oscar/Documents/ED/Practica_VII/ARM-Simple_Pipelined - With Hazard/extend.sv                 ;         ;
; adder.sv                         ; yes             ; User SystemVerilog HDL File  ; C:/Users/oscar/Documents/ED/Practica_VII/ARM-Simple_Pipelined - With Hazard/adder.sv                  ;         ;
; mux2.sv                          ; yes             ; User SystemVerilog HDL File  ; C:/Users/oscar/Documents/ED/Practica_VII/ARM-Simple_Pipelined - With Hazard/mux2.sv                   ;         ;
; flopr.sv                         ; yes             ; User SystemVerilog HDL File  ; C:/Users/oscar/Documents/ED/Practica_VII/ARM-Simple_Pipelined - With Hazard/flopr.sv                  ;         ;
; shifter.sv                       ; yes             ; User SystemVerilog HDL File  ; C:/Users/oscar/Documents/ED/Practica_VII/ARM-Simple_Pipelined - With Hazard/shifter.sv                ;         ;
; regfileF.sv                      ; yes             ; User SystemVerilog HDL File  ; C:/Users/oscar/Documents/ED/Practica_VII/ARM-Simple_Pipelined - With Hazard/regfileF.sv               ;         ;
; regfileD.sv                      ; yes             ; User SystemVerilog HDL File  ; C:/Users/oscar/Documents/ED/Practica_VII/ARM-Simple_Pipelined - With Hazard/regfileD.sv               ;         ;
; regfileEM.sv                     ; yes             ; User SystemVerilog HDL File  ; C:/Users/oscar/Documents/ED/Practica_VII/ARM-Simple_Pipelined - With Hazard/regfileEM.sv              ;         ;
; regfileCF.sv                     ; yes             ; User SystemVerilog HDL File  ; C:/Users/oscar/Documents/ED/Practica_VII/ARM-Simple_Pipelined - With Hazard/regfileCF.sv              ;         ;
; regfileCMW.sv                    ; yes             ; User SystemVerilog HDL File  ; C:/Users/oscar/Documents/ED/Practica_VII/ARM-Simple_Pipelined - With Hazard/regfileCMW.sv             ;         ;
; hazardsmux.sv                    ; yes             ; User SystemVerilog HDL File  ; C:/Users/oscar/Documents/ED/Practica_VII/ARM-Simple_Pipelined - With Hazard/hazardsmux.sv             ;         ;
; HazardUnit.sv                    ; yes             ; User SystemVerilog HDL File  ; C:/Users/oscar/Documents/ED/Practica_VII/ARM-Simple_Pipelined - With Hazard/HazardUnit.sv             ;         ;
; datapath.sv                      ; yes             ; User SystemVerilog HDL File  ; C:/Users/oscar/Documents/ED/Practica_VII/ARM-Simple_Pipelined - With Hazard/datapath.sv               ;         ;
; dmem_made_by_students.dat        ; yes             ; Auto-Found Unspecified File  ; C:/Users/oscar/Documents/ED/Practica_VII/ARM-Simple_Pipelined - With Hazard/dmem_made_by_students.dat ;         ;
; imem_made_by_students.dat        ; yes             ; Auto-Found Unspecified File  ; C:/Users/oscar/Documents/ED/Practica_VII/ARM-Simple_Pipelined - With Hazard/imem_made_by_students.dat ;         ;
+----------------------------------+-----------------+------------------------------+-------------------------------------------------------------------------------------------------------+---------+


+---------------------------------------------------------+
; Analysis & Synthesis Resource Usage Summary             ;
+---------------------------------------------+-----------+
; Resource                                    ; Usage     ;
+---------------------------------------------+-----------+
; Estimated Total logic elements              ; 5,537     ;
;                                             ;           ;
; Total combinational functions               ; 3089      ;
; Logic element usage by number of LUT inputs ;           ;
;     -- 4 input functions                    ; 2353      ;
;     -- 3 input functions                    ; 478       ;
;     -- <=2 input functions                  ; 258       ;
;                                             ;           ;
; Logic elements by mode                      ;           ;
;     -- normal mode                          ; 3028      ;
;     -- arithmetic mode                      ; 61        ;
;                                             ;           ;
; Total registers                             ; 2975      ;
;     -- Dedicated logic registers            ; 2975      ;
;     -- I/O registers                        ; 0         ;
;                                             ;           ;
; I/O pins                                    ; 87        ;
;                                             ;           ;
; Embedded Multiplier 9-bit elements          ; 0         ;
;                                             ;           ;
; Maximum fan-out node                        ; clk~input ;
; Maximum fan-out                             ; 2975      ;
; Total fan-out                               ; 20226     ;
; Average fan-out                             ; 3.24      ;
+---------------------------------------------+-----------+


+------------------------------------------------------------------------------------------------------------------------------------------------------------------------------------------------------------------------------------------------------------------------+
; Analysis & Synthesis Resource Utilization by Entity                                                                                                                                                                                                                    ;
+--------------------------------+---------------------+---------------------------+-------------+------------+--------------+---------+-----------+------+--------------+------------+-----------------------------------------------------+-------------+--------------+
; Compilation Hierarchy Node     ; Combinational ALUTs ; Dedicated Logic Registers ; Memory Bits ; UFM Blocks ; DSP Elements ; DSP 9x9 ; DSP 18x18 ; Pins ; Virtual Pins ; ADC blocks ; Full Hierarchy Name                                 ; Entity Name ; Library Name ;
+--------------------------------+---------------------+---------------------------+-------------+------------+--------------+---------+-----------+------+--------------+------------+-----------------------------------------------------+-------------+--------------+
; |top                           ; 3089 (0)            ; 2975 (0)                  ; 0           ; 0          ; 0            ; 0       ; 0         ; 87   ; 0            ; 0          ; |top                                                ; top         ; work         ;
;    |arm:arm|                   ; 1582 (0)            ; 917 (0)                   ; 0           ; 0          ; 0            ; 0       ; 0         ; 0    ; 0            ; 0          ; |top|arm:arm                                        ; arm         ; work         ;
;       |HazardUnit:HU|          ; 19 (19)             ; 0 (0)                     ; 0           ; 0          ; 0            ; 0       ; 0         ; 0    ; 0            ; 0          ; |top|arm:arm|HazardUnit:HU                          ; HazardUnit  ; work         ;
;       |controller:c|           ; 48 (0)              ; 22 (0)                    ; 0           ; 0          ; 0            ; 0       ; 0         ; 0    ; 0            ; 0          ; |top|arm:arm|controller:c                           ; controller  ; work         ;
;          |condlogic:cl|        ; 18 (17)             ; 0 (0)                     ; 0           ; 0          ; 0            ; 0       ; 0         ; 0    ; 0            ; 0          ; |top|arm:arm|controller:c|condlogic:cl              ; condlogic   ; work         ;
;             |condcheck:cc|     ; 1 (1)               ; 0 (0)                     ; 0           ; 0          ; 0            ; 0       ; 0         ; 0    ; 0            ; 0          ; |top|arm:arm|controller:c|condlogic:cl|condcheck:cc ; condcheck   ; work         ;
;          |decoder:dec|         ; 6 (6)               ; 0 (0)                     ; 0           ; 0          ; 0            ; 0       ; 0         ; 0    ; 0            ; 0          ; |top|arm:arm|controller:c|decoder:dec               ; decoder     ; work         ;
;          |regfileCF:RFFetchC|  ; 18 (18)             ; 13 (13)                   ; 0           ; 0          ; 0            ; 0       ; 0         ; 0    ; 0            ; 0          ; |top|arm:arm|controller:c|regfileCF:RFFetchC        ; regfileCF   ; work         ;
;          |regfileCMW:RFM|      ; 2 (2)               ; 5 (5)                     ; 0           ; 0          ; 0            ; 0       ; 0         ; 0    ; 0            ; 0          ; |top|arm:arm|controller:c|regfileCMW:RFM            ; regfileCMW  ; work         ;
;          |regfileCMW:RFW|      ; 4 (4)               ; 4 (4)                     ; 0           ; 0          ; 0            ; 0       ; 0         ; 0    ; 0            ; 0          ; |top|arm:arm|controller:c|regfileCMW:RFW            ; regfileCMW  ; work         ;
;       |datapath:dp|            ; 1515 (0)            ; 895 (0)                   ; 0           ; 0          ; 0            ; 0       ; 0         ; 0    ; 0            ; 0          ; |top|arm:arm|datapath:dp                            ; datapath    ; work         ;
;          |adder:pcadd1|        ; 30 (30)             ; 0 (0)                     ; 0           ; 0          ; 0            ; 0       ; 0         ; 0    ; 0            ; 0          ; |top|arm:arm|datapath:dp|adder:pcadd1               ; adder       ; work         ;
;          |alu:alu|             ; 148 (148)           ; 0 (0)                     ; 0           ; 0          ; 0            ; 0       ; 0         ; 0    ; 0            ; 0          ; |top|arm:arm|datapath:dp|alu:alu                    ; alu         ; work         ;
;          |flopr:pcreg|         ; 33 (33)             ; 32 (32)                   ; 0           ; 0          ; 0            ; 0       ; 0         ; 0    ; 0            ; 0          ; |top|arm:arm|datapath:dp|flopr:pcreg                ; flopr       ; work         ;
;          |hazardsmux:RD1Mux|   ; 64 (64)             ; 0 (0)                     ; 0           ; 0          ; 0            ; 0       ; 0         ; 0    ; 0            ; 0          ; |top|arm:arm|datapath:dp|hazardsmux:RD1Mux          ; hazardsmux  ; work         ;
;          |hazardsmux:RD2Mux|   ; 68 (68)             ; 0 (0)                     ; 0           ; 0          ; 0            ; 0       ; 0         ; 0    ; 0            ; 0          ; |top|arm:arm|datapath:dp|hazardsmux:RD2Mux          ; hazardsmux  ; work         ;
;          |mux2:blmux|          ; 32 (32)             ; 0 (0)                     ; 0           ; 0          ; 0            ; 0       ; 0         ; 0    ; 0            ; 0          ; |top|arm:arm|datapath:dp|mux2:blmux                 ; mux2        ; work         ;
;          |mux2:ra2mux|         ; 4 (4)               ; 0 (0)                     ; 0           ; 0          ; 0            ; 0       ; 0         ; 0    ; 0            ; 0          ; |top|arm:arm|datapath:dp|mux2:ra2mux                ; mux2        ; work         ;
;          |mux2:resmux|         ; 30 (30)             ; 0 (0)                     ; 0           ; 0          ; 0            ; 0       ; 0         ; 0    ; 0            ; 0          ; |top|arm:arm|datapath:dp|mux2:resmux                ; mux2        ; work         ;
;          |mux2:srcbmux|        ; 165 (165)           ; 0 (0)                     ; 0           ; 0          ; 0            ; 0       ; 0         ; 0    ; 0            ; 0          ; |top|arm:arm|datapath:dp|mux2:srcbmux               ; mux2        ; work         ;
;          |regfile:rf|          ; 344 (344)           ; 480 (480)                 ; 0           ; 0          ; 0            ; 0       ; 0         ; 0    ; 0            ; 0          ; |top|arm:arm|datapath:dp|regfile:rf                 ; regfile     ; work         ;
;          |regfileD:RFDecode|   ; 147 (147)           ; 130 (130)                 ; 0           ; 0          ; 0            ; 0       ; 0         ; 0    ; 0            ; 0          ; |top|arm:arm|datapath:dp|regfileD:RFDecode          ; regfileD    ; work         ;
;          |regfileEM:RFExecute| ; 102 (102)           ; 100 (100)                 ; 0           ; 0          ; 0            ; 0       ; 0         ; 0    ; 0            ; 0          ; |top|arm:arm|datapath:dp|regfileEM:RFExecute        ; regfileEM   ; work         ;
;          |regfileEM:RFMemory|  ; 100 (100)           ; 100 (100)                 ; 0           ; 0          ; 0            ; 0       ; 0         ; 0    ; 0            ; 0          ; |top|arm:arm|datapath:dp|regfileEM:RFMemory         ; regfileEM   ; work         ;
;          |regfileF:RFFetch|    ; 74 (74)             ; 53 (53)                   ; 0           ; 0          ; 0            ; 0       ; 0         ; 0    ; 0            ; 0          ; |top|arm:arm|datapath:dp|regfileF:RFFetch           ; regfileF    ; work         ;
;          |shifter:shifter|     ; 174 (174)           ; 0 (0)                     ; 0           ; 0          ; 0            ; 0       ; 0         ; 0    ; 0            ; 0          ; |top|arm:arm|datapath:dp|shifter:shifter            ; shifter     ; work         ;
;    |dmem:dmem|                 ; 1495 (1495)         ; 2058 (2058)               ; 0           ; 0          ; 0            ; 0       ; 0         ; 0    ; 0            ; 0          ; |top|dmem:dmem                                      ; dmem        ; work         ;
;    |imem:imem|                 ; 12 (12)             ; 0 (0)                     ; 0           ; 0          ; 0            ; 0       ; 0         ; 0    ; 0            ; 0          ; |top|imem:imem                                      ; imem        ; work         ;
+--------------------------------+---------------------+---------------------------+-------------+------------+--------------+---------+-----------+------+--------------+------------+-----------------------------------------------------+-------------+--------------+
Note: For table entries with two numbers listed, the numbers in parentheses indicate the number of resources of the given type used by the specific entity alone. The numbers listed outside of parentheses indicate the total resources of the given type used by the specific entity and all of its sub-entities in the hierarchy.


+------------------------------------------------------------+
; Logic Cells Representing Combinational Loops               ;
+--------------------------------------------------------+---+
; Logic Cell Name                                        ;   ;
+--------------------------------------------------------+---+
; arm:arm|controller:c|condlogic:cl|condcheck:cc|Mux0~0  ;   ;
; Number of logic cells representing combinational loops ; 1 ;
+--------------------------------------------------------+---+
Note: All cells listed above may not be present at the end of synthesis due to various synthesis optimizations.


+---------------------------------------------------------------------------------------------------------------------------+
; Registers Removed During Synthesis                                                                                        ;
+----------------------------------------------------------+----------------------------------------------------------------+
; Register name                                            ; Reason for Removal                                             ;
+----------------------------------------------------------+----------------------------------------------------------------+
; arm:arm|datapath:dp|regfileD:RFDecode|raux3[26..31]      ; Merged with arm:arm|datapath:dp|regfileD:RFDecode|raux3[25]    ;
; arm:arm|datapath:dp|regfileF:RFFetch|rf[28]              ; Stuck at GND due to stuck port data_in                         ;
; arm:arm|controller:c|regfileCF:RFFetchC|Condaux[0]       ; Stuck at GND due to stuck port data_in                         ;
; arm:arm|datapath:dp|regfileD:RFDecode|raux4[7..9]        ; Merged with arm:arm|datapath:dp|regfileD:RFDecode|raux4[10]    ;
; arm:arm|datapath:dp|regfileD:RFDecode|RA1E[1..3]         ; Merged with arm:arm|datapath:dp|regfileD:RFDecode|RA1E[0]      ;
; arm:arm|datapath:dp|regfileD:RFDecode|raux3[19..21,24]   ; Merged with arm:arm|datapath:dp|regfileD:RFDecode|raux3[18]    ;
; arm:arm|datapath:dp|regfileD:RFDecode|raux3[9]           ; Merged with arm:arm|datapath:dp|regfileD:RFDecode|raux3[10]    ;
; arm:arm|datapath:dp|regfileF:RFFetch|rf[4,17..19,22]     ; Merged with arm:arm|datapath:dp|regfileF:RFFetch|rf[16]        ;
; arm:arm|datapath:dp|regfileF:RFFetch|rf[7..9]            ; Merged with arm:arm|datapath:dp|regfileF:RFFetch|rf[10]        ;
; arm:arm|controller:c|regfileCF:RFFetchC|Condaux[2,3]     ; Merged with arm:arm|controller:c|regfileCF:RFFetchC|Condaux[1] ;
; arm:arm|datapath:dp|regfileF:RFFetch|rf[30,31]           ; Merged with arm:arm|datapath:dp|regfileF:RFFetch|rf[29]        ;
; arm:arm|controller:c|regfileCF:RFFetchC|Flagsaux[1,3]    ; Lost fanout                                                    ;
; arm:arm|controller:c|regfileCF:RFFetchC|FlagWriteDaux[0] ; Lost fanout                                                    ;
; arm:arm|controller:c|regfileCF:RFFetchC|Flagsaux[0]      ; Lost fanout                                                    ;
; Total Number of Removed Registers = 35                   ;                                                                ;
+----------------------------------------------------------+----------------------------------------------------------------+


+------------------------------------------------------------------------------------------------------------------------------------+
; Removed Registers Triggering Further Register Optimizations                                                                        ;
+---------------------------------------------+---------------------------+----------------------------------------------------------+
; Register name                               ; Reason for Removal        ; Registers Removed due to This Register                   ;
+---------------------------------------------+---------------------------+----------------------------------------------------------+
; arm:arm|datapath:dp|regfileF:RFFetch|rf[28] ; Stuck at GND              ; arm:arm|controller:c|regfileCF:RFFetchC|Condaux[0],      ;
;                                             ; due to stuck port data_in ; arm:arm|controller:c|regfileCF:RFFetchC|Flagsaux[3],     ;
;                                             ;                           ; arm:arm|controller:c|regfileCF:RFFetchC|FlagWriteDaux[0] ;
+---------------------------------------------+---------------------------+----------------------------------------------------------+


+------------------------------------------------------+
; General Register Statistics                          ;
+----------------------------------------------+-------+
; Statistic                                    ; Value ;
+----------------------------------------------+-------+
; Total registers                              ; 2975  ;
; Number of registers using Synchronous Clear  ; 83    ;
; Number of registers using Synchronous Load   ; 32    ;
; Number of registers using Asynchronous Clear ; 45    ;
; Number of registers using Asynchronous Load  ; 0     ;
; Number of registers using Clock Enable       ; 2619  ;
; Number of registers using Preset             ; 0     ;
+----------------------------------------------+-------+


+-----------------------------------------------------------------------------------------------------------------------------------------------------------------------------+
; Multiplexer Restructuring Statistics (Restructuring Performed)                                                                                                              ;
+--------------------+-----------+---------------+----------------------+------------------------+------------+---------------------------------------------------------------+
; Multiplexer Inputs ; Bus Width ; Baseline Area ; Area if Restructured ; Saving if Restructured ; Registered ; Example Multiplexer Output                                    ;
+--------------------+-----------+---------------+----------------------+------------------------+------------+---------------------------------------------------------------+
; 3:1                ; 32 bits   ; 64 LEs        ; 64 LEs               ; 0 LEs                  ; Yes        ; |top|arm:arm|datapath:dp|regfileD:RFDecode|raux2[3]           ;
; 3:1                ; 14 bits   ; 28 LEs        ; 14 LEs               ; 14 LEs                 ; Yes        ; |top|arm:arm|datapath:dp|regfileD:RFDecode|raux3[21]          ;
; 3:1                ; 2 bits    ; 4 LEs         ; 2 LEs                ; 2 LEs                  ; Yes        ; |top|arm:arm|datapath:dp|regfileD:RFDecode|raux3[0]           ;
; 3:1                ; 6 bits    ; 12 LEs        ; 12 LEs               ; 0 LEs                  ; Yes        ; |top|arm:arm|datapath:dp|regfileD:RFDecode|raux3[2]           ;
; 3:1                ; 22 bits   ; 44 LEs        ; 22 LEs               ; 22 LEs                 ; Yes        ; |top|arm:arm|datapath:dp|regfileEM:RFMemory|raux1[28]         ;
; 3:1                ; 10 bits   ; 20 LEs        ; 20 LEs               ; 0 LEs                  ; Yes        ; |top|arm:arm|datapath:dp|regfileEM:RFMemory|raux1[2]          ;
; 3:1                ; 32 bits   ; 64 LEs        ; 64 LEs               ; 0 LEs                  ; Yes        ; |top|arm:arm|datapath:dp|regfileD:RFDecode|raux1[7]           ;
; 3:1                ; 5 bits    ; 10 LEs        ; 5 LEs                ; 5 LEs                  ; Yes        ; |top|arm:arm|controller:c|regfileCF:RFFetchC|AluControlaux[0] ;
; 3:1                ; 2 bits    ; 4 LEs         ; 2 LEs                ; 2 LEs                  ; Yes        ; |top|arm:arm|datapath:dp|flopr:pcreg|q[0]                     ;
; 3:1                ; 30 bits   ; 60 LEs        ; 60 LEs               ; 0 LEs                  ; Yes        ; |top|arm:arm|datapath:dp|flopr:pcreg|q[9]                     ;
; 3:1                ; 63 bits   ; 126 LEs       ; 63 LEs               ; 63 LEs                 ; Yes        ; |top|arm:arm|datapath:dp|regfileF:RFFetch|rf[3]               ;
; 4:1                ; 4 bits    ; 8 LEs         ; 8 LEs                ; 0 LEs                  ; Yes        ; |top|arm:arm|datapath:dp|regfileD:RFDecode|raux3[9]           ;
; 4:1                ; 32 bits   ; 64 LEs        ; 64 LEs               ; 0 LEs                  ; No         ; |top|arm:arm|datapath:dp|hazardsmux:RD2Mux|Mux11              ;
; 3:1                ; 4 bits    ; 8 LEs         ; 8 LEs                ; 0 LEs                  ; No         ; |top|arm:arm|datapath:dp|shifter:shifter|ShiftRight0          ;
; 3:1                ; 16 bits   ; 32 LEs        ; 16 LEs               ; 16 LEs                 ; No         ; |top|arm:arm|datapath:dp|shifter:shifter|ShiftLeft1           ;
; 4:1                ; 32 bits   ; 64 LEs        ; 64 LEs               ; 0 LEs                  ; No         ; |top|arm:arm|datapath:dp|hazardsmux:RD1Mux|Mux26              ;
; 4:1                ; 2 bits    ; 4 LEs         ; 4 LEs                ; 0 LEs                  ; No         ; |top|arm:arm|datapath:dp|shifter:shifter|ShiftRight0          ;
; 4:1                ; 8 bits    ; 16 LEs        ; 16 LEs               ; 0 LEs                  ; No         ; |top|arm:arm|datapath:dp|shifter:shifter|ShiftLeft1           ;
; 5:1                ; 4 bits    ; 12 LEs        ; 12 LEs               ; 0 LEs                  ; No         ; |top|arm:arm|datapath:dp|shifter:shifter|ShiftLeft1           ;
; 6:1                ; 32 bits   ; 128 LEs       ; 64 LEs               ; 64 LEs                 ; No         ; |top|arm:arm|datapath:dp|alu:alu|Mux22                        ;
; 7:1                ; 15 bits   ; 60 LEs        ; 60 LEs               ; 0 LEs                  ; No         ; |top|arm:arm|datapath:dp|mux2:srcbmux|y[4]                    ;
; 6:1                ; 4 bits    ; 16 LEs        ; 16 LEs               ; 0 LEs                  ; No         ; |top|arm:arm|datapath:dp|shifter:shifter|ShiftLeft1           ;
; 8:1                ; 8 bits    ; 40 LEs        ; 40 LEs               ; 0 LEs                  ; No         ; |top|arm:arm|datapath:dp|mux2:srcbmux|y[20]                   ;
; 9:1                ; 4 bits    ; 24 LEs        ; 24 LEs               ; 0 LEs                  ; No         ; |top|arm:arm|datapath:dp|mux2:srcbmux|y[24]                   ;
; 10:1               ; 3 bits    ; 18 LEs        ; 18 LEs               ; 0 LEs                  ; No         ; |top|arm:arm|datapath:dp|mux2:srcbmux|y[28]                   ;
+--------------------+-----------+---------------+----------------------+------------------------+------------+---------------------------------------------------------------+


+-----------------------------------------------------------------------------+
; Parameter Settings for User Entity Instance: arm:arm|datapath:dp|mux2:pcmux ;
+----------------+-------+----------------------------------------------------+
; Parameter Name ; Value ; Type                                               ;
+----------------+-------+----------------------------------------------------+
; WIDTH          ; 32    ; Signed Integer                                     ;
+----------------+-------+----------------------------------------------------+
Note: In order to hide this table in the UI and the text report file, please set the "Show Parameter Settings in Synthesis Report" option in "Analysis and Synthesis Settings -> More Settings" to "Off".


+------------------------------------------------------------------------------+
; Parameter Settings for User Entity Instance: arm:arm|datapath:dp|flopr:pcreg ;
+----------------+-------+-----------------------------------------------------+
; Parameter Name ; Value ; Type                                                ;
+----------------+-------+-----------------------------------------------------+
; WIDTH          ; 32    ; Signed Integer                                      ;
+----------------+-------+-----------------------------------------------------+
Note: In order to hide this table in the UI and the text report file, please set the "Show Parameter Settings in Synthesis Report" option in "Analysis and Synthesis Settings -> More Settings" to "Off".


+-------------------------------------------------------------------------------+
; Parameter Settings for User Entity Instance: arm:arm|datapath:dp|adder:pcadd1 ;
+----------------+-------+------------------------------------------------------+
; Parameter Name ; Value ; Type                                                 ;
+----------------+-------+------------------------------------------------------+
; WIDTH          ; 32    ; Signed Integer                                       ;
+----------------+-------+------------------------------------------------------+
Note: In order to hide this table in the UI and the text report file, please set the "Show Parameter Settings in Synthesis Report" option in "Analysis and Synthesis Settings -> More Settings" to "Off".


+------------------------------------------------------------------------------+
; Parameter Settings for User Entity Instance: arm:arm|datapath:dp|mux2:ra1mux ;
+----------------+-------+-----------------------------------------------------+
; Parameter Name ; Value ; Type                                                ;
+----------------+-------+-----------------------------------------------------+
; WIDTH          ; 4     ; Signed Integer                                      ;
+----------------+-------+-----------------------------------------------------+
Note: In order to hide this table in the UI and the text report file, please set the "Show Parameter Settings in Synthesis Report" option in "Analysis and Synthesis Settings -> More Settings" to "Off".


+------------------------------------------------------------------------------+
; Parameter Settings for User Entity Instance: arm:arm|datapath:dp|mux2:ra2mux ;
+----------------+-------+-----------------------------------------------------+
; Parameter Name ; Value ; Type                                                ;
+----------------+-------+-----------------------------------------------------+
; WIDTH          ; 4     ; Signed Integer                                      ;
+----------------+-------+-----------------------------------------------------+
Note: In order to hide this table in the UI and the text report file, please set the "Show Parameter Settings in Synthesis Report" option in "Analysis and Synthesis Settings -> More Settings" to "Off".


+------------------------------------------------------------------------------+
; Parameter Settings for User Entity Instance: arm:arm|datapath:dp|mux2:r14mux ;
+----------------+-------+-----------------------------------------------------+
; Parameter Name ; Value ; Type                                                ;
+----------------+-------+-----------------------------------------------------+
; WIDTH          ; 4     ; Signed Integer                                      ;
+----------------+-------+-----------------------------------------------------+
Note: In order to hide this table in the UI and the text report file, please set the "Show Parameter Settings in Synthesis Report" option in "Analysis and Synthesis Settings -> More Settings" to "Off".


+-----------------------------------------------------------------------------+
; Parameter Settings for User Entity Instance: arm:arm|datapath:dp|mux2:blmux ;
+----------------+-------+----------------------------------------------------+
; Parameter Name ; Value ; Type                                               ;
+----------------+-------+----------------------------------------------------+
; WIDTH          ; 32    ; Signed Integer                                     ;
+----------------+-------+----------------------------------------------------+
Note: In order to hide this table in the UI and the text report file, please set the "Show Parameter Settings in Synthesis Report" option in "Analysis and Synthesis Settings -> More Settings" to "Off".


+------------------------------------------------------------------------------+
; Parameter Settings for User Entity Instance: arm:arm|datapath:dp|mux2:resmux ;
+----------------+-------+-----------------------------------------------------+
; Parameter Name ; Value ; Type                                                ;
+----------------+-------+-----------------------------------------------------+
; WIDTH          ; 32    ; Signed Integer                                      ;
+----------------+-------+-----------------------------------------------------+
Note: In order to hide this table in the UI and the text report file, please set the "Show Parameter Settings in Synthesis Report" option in "Analysis and Synthesis Settings -> More Settings" to "Off".


+----------------------------------------------------------------------------------+
; Parameter Settings for User Entity Instance: arm:arm|datapath:dp|shifter:shifter ;
+----------------+-------+---------------------------------------------------------+
; Parameter Name ; Value ; Type                                                    ;
+----------------+-------+---------------------------------------------------------+
; N              ; 32    ; Signed Integer                                          ;
+----------------+-------+---------------------------------------------------------+
Note: In order to hide this table in the UI and the text report file, please set the "Show Parameter Settings in Synthesis Report" option in "Analysis and Synthesis Settings -> More Settings" to "Off".


+-------------------------------------------------------------------------------+
; Parameter Settings for User Entity Instance: arm:arm|datapath:dp|mux2:srcbmux ;
+----------------+-------+------------------------------------------------------+
; Parameter Name ; Value ; Type                                                 ;
+----------------+-------+------------------------------------------------------+
; WIDTH          ; 32    ; Signed Integer                                       ;
+----------------+-------+------------------------------------------------------+
Note: In order to hide this table in the UI and the text report file, please set the "Show Parameter Settings in Synthesis Report" option in "Analysis and Synthesis Settings -> More Settings" to "Off".


+--------------------------------------------------------------------------+
; Parameter Settings for User Entity Instance: arm:arm|datapath:dp|alu:alu ;
+----------------+-------+-------------------------------------------------+
; Parameter Name ; Value ; Type                                            ;
+----------------+-------+-------------------------------------------------+
; N              ; 32    ; Signed Integer                                  ;
+----------------+-------+-------------------------------------------------+
Note: In order to hide this table in the UI and the text report file, please set the "Show Parameter Settings in Synthesis Report" option in "Analysis and Synthesis Settings -> More Settings" to "Off".


+------------------------------------------------------------------------------------+
; Parameter Settings for User Entity Instance: arm:arm|datapath:dp|hazardsmux:RD1Mux ;
+----------------+-------+-----------------------------------------------------------+
; Parameter Name ; Value ; Type                                                      ;
+----------------+-------+-----------------------------------------------------------+
; WIDTH          ; 32    ; Signed Integer                                            ;
+----------------+-------+-----------------------------------------------------------+
Note: In order to hide this table in the UI and the text report file, please set the "Show Parameter Settings in Synthesis Report" option in "Analysis and Synthesis Settings -> More Settings" to "Off".


+------------------------------------------------------------------------------------+
; Parameter Settings for User Entity Instance: arm:arm|datapath:dp|hazardsmux:RD2Mux ;
+----------------+-------+-----------------------------------------------------------+
; Parameter Name ; Value ; Type                                                      ;
+----------------+-------+-----------------------------------------------------------+
; WIDTH          ; 32    ; Signed Integer                                            ;
+----------------+-------+-----------------------------------------------------------+
Note: In order to hide this table in the UI and the text report file, please set the "Show Parameter Settings in Synthesis Report" option in "Analysis and Synthesis Settings -> More Settings" to "Off".


+----------------------------------------------------------------------------------+
; Parameter Settings for User Entity Instance: arm:arm|datapath:dp|mux2:pcmuxremix ;
+----------------+-------+---------------------------------------------------------+
; Parameter Name ; Value ; Type                                                    ;
+----------------+-------+---------------------------------------------------------+
; WIDTH          ; 32    ; Signed Integer                                          ;
+----------------+-------+---------------------------------------------------------+
Note: In order to hide this table in the UI and the text report file, please set the "Show Parameter Settings in Synthesis Report" option in "Analysis and Synthesis Settings -> More Settings" to "Off".


+--------------------------------------------------------------------------------------------------------------------------+
; Port Connectivity Checks: "arm:arm|datapath:dp|regfileD:RFDecode"                                                        ;
+----------------+--------+----------+-------------------------------------------------------------------------------------+
; Port           ; Type   ; Severity ; Details                                                                             ;
+----------------+--------+----------+-------------------------------------------------------------------------------------+
; InstrE[31..16] ; Output ; Info     ; Connected to dangling logic. Logic that only feeds a dangling port will be removed. ;
; InstrE[4..0]   ; Output ; Info     ; Connected to dangling logic. Logic that only feeds a dangling port will be removed. ;
+----------------+--------+----------+-------------------------------------------------------------------------------------+


+-------------------------------------------------------------+
; Port Connectivity Checks: "arm:arm|datapath:dp|mux2:r14mux" ;
+----------+-------+----------+-------------------------------+
; Port     ; Type  ; Severity ; Details                       ;
+----------+-------+----------+-------------------------------+
; d1[3..1] ; Input ; Info     ; Stuck at VCC                  ;
; d1[0]    ; Input ; Info     ; Stuck at GND                  ;
+----------+-------+----------+-------------------------------+


+-------------------------------------------------------------+
; Port Connectivity Checks: "arm:arm|datapath:dp|mux2:ra1mux" ;
+------+-------+----------+-----------------------------------+
; Port ; Type  ; Severity ; Details                           ;
+------+-------+----------+-----------------------------------+
; d1   ; Input ; Info     ; Stuck at VCC                      ;
+------+-------+----------+-----------------------------------+


+--------------------------------------------------------------+
; Port Connectivity Checks: "arm:arm|datapath:dp|adder:pcadd1" ;
+----------+-------+----------+--------------------------------+
; Port     ; Type  ; Severity ; Details                        ;
+----------+-------+----------+--------------------------------+
; b[31..3] ; Input ; Info     ; Stuck at GND                   ;
; b[1..0]  ; Input ; Info     ; Stuck at GND                   ;
; b[2]     ; Input ; Info     ; Stuck at VCC                   ;
+----------+-------+----------+--------------------------------+


+----------------------------------------------------------------------------------------------------------------------------+
; Port Connectivity Checks: "arm:arm|datapath:dp"                                                                            ;
+------------------+--------+----------+-------------------------------------------------------------------------------------+
; Port             ; Type   ; Severity ; Details                                                                             ;
+------------------+--------+----------+-------------------------------------------------------------------------------------+
; InstrDOUT[11..0] ; Output ; Info     ; Connected to dangling logic. Logic that only feeds a dangling port will be removed. ;
+------------------+--------+----------+-------------------------------------------------------------------------------------+


+-----------------------------------------------------+
; Post-Synthesis Netlist Statistics for Top Partition ;
+-----------------------+-----------------------------+
; Type                  ; Count                       ;
+-----------------------+-----------------------------+
; boundary_port         ; 87                          ;
; cycloneiii_ff         ; 2975                        ;
;     CLR               ; 13                          ;
;     ENA               ; 2587                        ;
;     ENA CLR SLD       ; 32                          ;
;     SCLR              ; 83                          ;
;     plain             ; 260                         ;
; cycloneiii_lcell_comb ; 3089                        ;
;     arith             ; 61                          ;
;         2 data inputs ; 30                          ;
;         3 data inputs ; 31                          ;
;     normal            ; 3028                        ;
;         1 data inputs ; 59                          ;
;         2 data inputs ; 169                         ;
;         3 data inputs ; 447                         ;
;         4 data inputs ; 2353                        ;
;                       ;                             ;
; Max LUT depth         ; 21.20                       ;
; Average LUT depth     ; 6.98                        ;
+-----------------------+-----------------------------+


+-------------------------------+
; Elapsed Time Per Partition    ;
+----------------+--------------+
; Partition Name ; Elapsed Time ;
+----------------+--------------+
; Top            ; 00:00:05     ;
+----------------+--------------+


+-------------------------------+
; Analysis & Synthesis Messages ;
+-------------------------------+
Info: *******************************************************************
Info: Running Quartus Prime Analysis & Synthesis
    Info: Version 22.1std.2 Build 922 07/20/2023 SC Lite Edition
    Info: Processing started: Sun Dec  3 22:01:38 2023
Info: Command: quartus_map --read_settings_files=on --write_settings_files=off top -c top
Warning (18236): Number of processors has not been specified which may cause overloading on shared machines.  Set the global assignment NUM_PARALLEL_PROCESSORS in your QSF to an appropriate value for best performance.
Info (20030): Parallel compilation is enabled and will use 4 of the 4 processors detected
Info (12021): Found 1 design units, including 1 entities, in source file top.sv
    Info (12023): Found entity 1: top File: C:/Users/oscar/Documents/ED/Practica_VII/ARM-Simple_Pipelined - With Hazard/top.sv Line: 4
Info (12021): Found 1 design units, including 1 entities, in source file imem.sv
    Info (12023): Found entity 1: imem File: C:/Users/oscar/Documents/ED/Practica_VII/ARM-Simple_Pipelined - With Hazard/imem.sv Line: 4
Info (12021): Found 1 design units, including 1 entities, in source file dmem.sv
    Info (12023): Found entity 1: dmem File: C:/Users/oscar/Documents/ED/Practica_VII/ARM-Simple_Pipelined - With Hazard/dmem.sv Line: 5
Info (12021): Found 1 design units, including 1 entities, in source file arm.sv
    Info (12023): Found entity 1: arm File: C:/Users/oscar/Documents/ED/Practica_VII/ARM-Simple_Pipelined - With Hazard/arm.sv Line: 5
Info (12021): Found 1 design units, including 1 entities, in source file controller.sv
    Info (12023): Found entity 1: controller File: C:/Users/oscar/Documents/ED/Practica_VII/ARM-Simple_Pipelined - With Hazard/controller.sv Line: 4
Info (12021): Found 1 design units, including 1 entities, in source file decoder.sv
    Info (12023): Found entity 1: decoder File: C:/Users/oscar/Documents/ED/Practica_VII/ARM-Simple_Pipelined - With Hazard/decoder.sv Line: 4
Info (12021): Found 2 design units, including 2 entities, in source file condlogic.sv
    Info (12023): Found entity 1: condlogic File: C:/Users/oscar/Documents/ED/Practica_VII/ARM-Simple_Pipelined - With Hazard/condlogic.sv Line: 4
    Info (12023): Found entity 2: condcheck File: C:/Users/oscar/Documents/ED/Practica_VII/ARM-Simple_Pipelined - With Hazard/condlogic.sv Line: 45
Info (12021): Found 1 design units, including 1 entities, in source file regfile.sv
    Info (12023): Found entity 1: regfile File: C:/Users/oscar/Documents/ED/Practica_VII/ARM-Simple_Pipelined - With Hazard/regfile.sv Line: 4
Info (12021): Found 1 design units, including 1 entities, in source file alu.sv
    Info (12023): Found entity 1: alu File: C:/Users/oscar/Documents/ED/Practica_VII/ARM-Simple_Pipelined - With Hazard/alu.sv Line: 4
Info (12021): Found 1 design units, including 1 entities, in source file extend.sv
    Info (12023): Found entity 1: extend File: C:/Users/oscar/Documents/ED/Practica_VII/ARM-Simple_Pipelined - With Hazard/extend.sv Line: 4
Info (12021): Found 1 design units, including 1 entities, in source file adder.sv
    Info (12023): Found entity 1: adder File: C:/Users/oscar/Documents/ED/Practica_VII/ARM-Simple_Pipelined - With Hazard/adder.sv Line: 4
Info (12021): Found 1 design units, including 1 entities, in source file mux2.sv
    Info (12023): Found entity 1: mux2 File: C:/Users/oscar/Documents/ED/Practica_VII/ARM-Simple_Pipelined - With Hazard/mux2.sv Line: 4
Info (12021): Found 1 design units, including 1 entities, in source file flopr.sv
    Info (12023): Found entity 1: flopr File: C:/Users/oscar/Documents/ED/Practica_VII/ARM-Simple_Pipelined - With Hazard/flopr.sv Line: 4
Info (12021): Found 1 design units, including 1 entities, in source file flopenr.sv
    Info (12023): Found entity 1: flopenr File: C:/Users/oscar/Documents/ED/Practica_VII/ARM-Simple_Pipelined - With Hazard/flopenr.sv Line: 4
Info (12021): Found 1 design units, including 1 entities, in source file testbench_book.sv
    Info (12023): Found entity 1: testbench_book File: C:/Users/oscar/Documents/ED/Practica_VII/ARM-Simple_Pipelined - With Hazard/testbench_book.sv Line: 4
Info (12021): Found 1 design units, including 1 entities, in source file testbench_peripherals.sv
    Info (12023): Found entity 1: testbench_peripherals File: C:/Users/oscar/Documents/ED/Practica_VII/ARM-Simple_Pipelined - With Hazard/testbench_peripherals.sv Line: 4
Info (12021): Found 1 design units, including 1 entities, in source file shifter.sv
    Info (12023): Found entity 1: shifter File: C:/Users/oscar/Documents/ED/Practica_VII/ARM-Simple_Pipelined - With Hazard/shifter.sv Line: 1
Info (12021): Found 1 design units, including 1 entities, in source file regfilef.sv
    Info (12023): Found entity 1: regfileF File: C:/Users/oscar/Documents/ED/Practica_VII/ARM-Simple_Pipelined - With Hazard/regfileF.sv Line: 1
Info (12021): Found 1 design units, including 1 entities, in source file regfiled.sv
    Info (12023): Found entity 1: regfileD File: C:/Users/oscar/Documents/ED/Practica_VII/ARM-Simple_Pipelined - With Hazard/regfileD.sv Line: 1
Info (12021): Found 1 design units, including 1 entities, in source file regfileem.sv
    Info (12023): Found entity 1: regfileEM File: C:/Users/oscar/Documents/ED/Practica_VII/ARM-Simple_Pipelined - With Hazard/regfileEM.sv Line: 1
Info (12021): Found 1 design units, including 1 entities, in source file regfilecf.sv
    Info (12023): Found entity 1: regfileCF File: C:/Users/oscar/Documents/ED/Practica_VII/ARM-Simple_Pipelined - With Hazard/regfileCF.sv Line: 1
Info (12021): Found 1 design units, including 1 entities, in source file regfilecmw.sv
    Info (12023): Found entity 1: regfileCMW File: C:/Users/oscar/Documents/ED/Practica_VII/ARM-Simple_Pipelined - With Hazard/regfileCMW.sv Line: 1
Info (12021): Found 1 design units, including 1 entities, in source file hazardsmux.sv
    Info (12023): Found entity 1: hazardsmux File: C:/Users/oscar/Documents/ED/Practica_VII/ARM-Simple_Pipelined - With Hazard/hazardsmux.sv Line: 1
Info (12021): Found 1 design units, including 1 entities, in source file hazardunit.sv
    Info (12023): Found entity 1: HazardUnit File: C:/Users/oscar/Documents/ED/Practica_VII/ARM-Simple_Pipelined - With Hazard/HazardUnit.sv Line: 1
Info (12021): Found 1 design units, including 1 entities, in source file datapath.sv
    Info (12023): Found entity 1: datapath File: C:/Users/oscar/Documents/ED/Practica_VII/ARM-Simple_Pipelined - With Hazard/datapath.sv Line: 4
Info (12127): Elaborating entity "top" for the top level hierarchy
Info (12128): Elaborating entity "imem" for hierarchy "imem:imem" File: C:/Users/oscar/Documents/ED/Practica_VII/ARM-Simple_Pipelined - With Hazard/top.sv Line: 16
Warning (10850): Verilog HDL warning at imem.sv(22): number of words (10) in memory file does not match the number of elements in the address range [0:63] File: C:/Users/oscar/Documents/ED/Practica_VII/ARM-Simple_Pipelined - With Hazard/imem.sv Line: 22
Warning (10030): Net "RAM.data_a" at imem.sv(6) has no driver or initial value, using a default initial value '0' File: C:/Users/oscar/Documents/ED/Practica_VII/ARM-Simple_Pipelined - With Hazard/imem.sv Line: 6
Warning (10030): Net "RAM.waddr_a" at imem.sv(6) has no driver or initial value, using a default initial value '0' File: C:/Users/oscar/Documents/ED/Practica_VII/ARM-Simple_Pipelined - With Hazard/imem.sv Line: 6
Warning (10030): Net "RAM.we_a" at imem.sv(6) has no driver or initial value, using a default initial value '0' File: C:/Users/oscar/Documents/ED/Practica_VII/ARM-Simple_Pipelined - With Hazard/imem.sv Line: 6
Info (12128): Elaborating entity "dmem" for hierarchy "dmem:dmem" File: C:/Users/oscar/Documents/ED/Practica_VII/ARM-Simple_Pipelined - With Hazard/top.sv Line: 19
Warning (10850): Verilog HDL warning at dmem.sv(22): number of words (4) in memory file does not match the number of elements in the address range [0:63] File: C:/Users/oscar/Documents/ED/Practica_VII/ARM-Simple_Pipelined - With Hazard/dmem.sv Line: 22
Info (12128): Elaborating entity "arm" for hierarchy "arm:arm" File: C:/Users/oscar/Documents/ED/Practica_VII/ARM-Simple_Pipelined - With Hazard/top.sv Line: 22
Info (12128): Elaborating entity "controller" for hierarchy "arm:arm|controller:c" File: C:/Users/oscar/Documents/ED/Practica_VII/ARM-Simple_Pipelined - With Hazard/arm.sv Line: 24
Info (12128): Elaborating entity "decoder" for hierarchy "arm:arm|controller:c|decoder:dec" File: C:/Users/oscar/Documents/ED/Practica_VII/ARM-Simple_Pipelined - With Hazard/controller.sv Line: 39
Info (12128): Elaborating entity "condlogic" for hierarchy "arm:arm|controller:c|condlogic:cl" File: C:/Users/oscar/Documents/ED/Practica_VII/ARM-Simple_Pipelined - With Hazard/controller.sv Line: 43
Info (12128): Elaborating entity "condcheck" for hierarchy "arm:arm|controller:c|condlogic:cl|condcheck:cc" File: C:/Users/oscar/Documents/ED/Practica_VII/ARM-Simple_Pipelined - With Hazard/condlogic.sv Line: 33
Info (12128): Elaborating entity "regfileCF" for hierarchy "arm:arm|controller:c|regfileCF:RFFetchC" File: C:/Users/oscar/Documents/ED/Practica_VII/ARM-Simple_Pipelined - With Hazard/controller.sv Line: 47
Info (12128): Elaborating entity "regfileCMW" for hierarchy "arm:arm|controller:c|regfileCMW:RFM" File: C:/Users/oscar/Documents/ED/Practica_VII/ARM-Simple_Pipelined - With Hazard/controller.sv Line: 50
Info (12128): Elaborating entity "datapath" for hierarchy "arm:arm|datapath:dp" File: C:/Users/oscar/Documents/ED/Practica_VII/ARM-Simple_Pipelined - With Hazard/arm.sv Line: 34
Info (12128): Elaborating entity "mux2" for hierarchy "arm:arm|datapath:dp|mux2:pcmux" File: C:/Users/oscar/Documents/ED/Practica_VII/ARM-Simple_Pipelined - With Hazard/datapath.sv Line: 53
Info (12128): Elaborating entity "flopr" for hierarchy "arm:arm|datapath:dp|flopr:pcreg" File: C:/Users/oscar/Documents/ED/Practica_VII/ARM-Simple_Pipelined - With Hazard/datapath.sv Line: 54
Info (12128): Elaborating entity "adder" for hierarchy "arm:arm|datapath:dp|adder:pcadd1" File: C:/Users/oscar/Documents/ED/Practica_VII/ARM-Simple_Pipelined - With Hazard/datapath.sv Line: 55
Info (12128): Elaborating entity "mux2" for hierarchy "arm:arm|datapath:dp|mux2:ra1mux" File: C:/Users/oscar/Documents/ED/Practica_VII/ARM-Simple_Pipelined - With Hazard/datapath.sv Line: 58
Info (12128): Elaborating entity "regfile" for hierarchy "arm:arm|datapath:dp|regfile:rf" File: C:/Users/oscar/Documents/ED/Practica_VII/ARM-Simple_Pipelined - With Hazard/datapath.sv Line: 62
Info (12128): Elaborating entity "extend" for hierarchy "arm:arm|datapath:dp|extend:ext" File: C:/Users/oscar/Documents/ED/Practica_VII/ARM-Simple_Pipelined - With Hazard/datapath.sv Line: 64
Info (12128): Elaborating entity "shifter" for hierarchy "arm:arm|datapath:dp|shifter:shifter" File: C:/Users/oscar/Documents/ED/Practica_VII/ARM-Simple_Pipelined - With Hazard/datapath.sv Line: 67
Info (12128): Elaborating entity "alu" for hierarchy "arm:arm|datapath:dp|alu:alu" File: C:/Users/oscar/Documents/ED/Practica_VII/ARM-Simple_Pipelined - With Hazard/datapath.sv Line: 69
Info (12128): Elaborating entity "regfileF" for hierarchy "arm:arm|datapath:dp|regfileF:RFFetch" File: C:/Users/oscar/Documents/ED/Practica_VII/ARM-Simple_Pipelined - With Hazard/datapath.sv Line: 73
Info (12128): Elaborating entity "regfileD" for hierarchy "arm:arm|datapath:dp|regfileD:RFDecode" File: C:/Users/oscar/Documents/ED/Practica_VII/ARM-Simple_Pipelined - With Hazard/datapath.sv Line: 75
Info (12128): Elaborating entity "regfileEM" for hierarchy "arm:arm|datapath:dp|regfileEM:RFExecute" File: C:/Users/oscar/Documents/ED/Practica_VII/ARM-Simple_Pipelined - With Hazard/datapath.sv Line: 77
Info (12128): Elaborating entity "hazardsmux" for hierarchy "arm:arm|datapath:dp|hazardsmux:RD1Mux" File: C:/Users/oscar/Documents/ED/Practica_VII/ARM-Simple_Pipelined - With Hazard/datapath.sv Line: 81
Info (12128): Elaborating entity "HazardUnit" for hierarchy "arm:arm|HazardUnit:HU" File: C:/Users/oscar/Documents/ED/Practica_VII/ARM-Simple_Pipelined - With Hazard/arm.sv Line: 39
Warning (127007): Memory Initialization File or Hexadecimal (Intel-Format) File "C:/Users/oscar/Documents/ED/Practica_VII/ARM-Simple_Pipelined - With Hazard/db/top.ram0_dmem_351e6b.hdl.mif" contains "don't care" values -- overwriting them with 0s
Warning (127007): Memory Initialization File or Hexadecimal (Intel-Format) File "C:/Users/oscar/Documents/ED/Practica_VII/ARM-Simple_Pipelined - With Hazard/db/top.ram0_imem_37c714.hdl.mif" contains "don't care" values -- overwriting them with 0s
Info (276014): Found 3 instances of uninferred RAM logic
    Info (276007): RAM logic "arm:arm|datapath:dp|regfile:rf|rf" is uninferred due to asynchronous read logic File: C:/Users/oscar/Documents/ED/Practica_VII/ARM-Simple_Pipelined - With Hazard/regfile.sv Line: 11
    Info (276013): RAM logic "dmem:dmem|RAM" is uninferred because MIF is not supported for the selected family File: C:/Users/oscar/Documents/ED/Practica_VII/ARM-Simple_Pipelined - With Hazard/dmem.sv Line: 8
    Info (276013): RAM logic "imem:imem|RAM" is uninferred because MIF is not supported for the selected family File: C:/Users/oscar/Documents/ED/Practica_VII/ARM-Simple_Pipelined - With Hazard/imem.sv Line: 6
Warning (127007): Memory Initialization File or Hexadecimal (Intel-Format) File "C:/Users/oscar/Documents/ED/Practica_VII/ARM-Simple_Pipelined - With Hazard/db/top.ram0_imem_37c714.hdl.mif" contains "don't care" values -- overwriting them with 0s
Warning (127007): Memory Initialization File or Hexadecimal (Intel-Format) File "C:/Users/oscar/Documents/ED/Practica_VII/ARM-Simple_Pipelined - With Hazard/db/top.ram0_dmem_351e6b.hdl.mif" contains "don't care" values -- overwriting them with 0s
Info (286030): Timing-Driven Synthesis is running
Info (17049): 4 registers lost all their fanouts during netlist optimizations.
Info (144001): Generated suppressed messages file C:/Users/oscar/Documents/ED/Practica_VII/ARM-Simple_Pipelined - With Hazard/output_files/top.map.smsg
Info (16010): Generating hard_block partition "hard_block:auto_generated_inst"
    Info (16011): Adding 0 node(s), including 0 DDIO, 0 PLL, 0 transceiver and 0 LCELL
Info (21057): Implemented 5658 device resources after synthesis - the final resource count might be different
    Info (21058): Implemented 12 input pins
    Info (21059): Implemented 75 output pins
    Info (21061): Implemented 5571 logic cells
Info: Quartus Prime Analysis & Synthesis was successful. 0 errors, 10 warnings
    Info: Peak virtual memory: 4809 megabytes
    Info: Processing ended: Sun Dec  3 22:01:53 2023
    Info: Elapsed time: 00:00:15
    Info: Total CPU time (on all processors): 00:00:14


+------------------------------------------+
; Analysis & Synthesis Suppressed Messages ;
+------------------------------------------+
The suppressed messages can be found in C:/Users/oscar/Documents/ED/Practica_VII/ARM-Simple_Pipelined - With Hazard/output_files/top.map.smsg.


